<?xml version="1.0" encoding="UTF-8"?>
<testng-results ignored="0" total="2" passed="2" failed="0" skipped="0">
  <reporter-output>
  </reporter-output>
  <suite started-at="2024-11-24T21:46:02 IST" name="Default suite" finished-at="2024-11-24T21:46:03 IST" duration-ms="1558">
    <groups>
    </groups>
    <test started-at="2024-11-24T21:46:02 IST" name="Default test" finished-at="2024-11-24T21:46:03 IST" duration-ms="1558">
      <class name="gmeet.test">
        <test-method signature="invalidtest()[pri:0, instance:gmeet.test@6b81ce95]" started-at="2024-11-24T21:46:02 IST" name="invalidtest" finished-at="2024-11-24T21:46:03 IST" duration-ms="1491" status="PASS">
          <reporter-output>
          </reporter-output>
        </test-method> <!-- invalidtest -->
        <test-method signature="test()[pri:0, instance:gmeet.test@6b81ce95]" started-at="2024-11-24T21:46:03 IST" name="test" finished-at="2024-11-24T21:46:03 IST" duration-ms="18" status="PASS">
          <reporter-output>
          </reporter-output>
        </test-method> <!-- test -->
      </class> <!-- gmeet.test -->
    </test> <!-- Default test -->
  </suite> <!-- Default suite -->
</testng-results>
